<?xml version="1.0" encoding="UTF-8"?>
<testng-results skipped="0" failed="0" ignored="0" total="1" passed="1">
  <reporter-output>
  </reporter-output>
  <suite name="Default suite" duration-ms="20359" started-at="2021-01-29T14:44:07 EST" finished-at="2021-01-29T14:44:28 EST">
    <groups>
    </groups>
    <test name="Default test" duration-ms="20359" started-at="2021-01-29T14:44:07 EST" finished-at="2021-01-29T14:44:28 EST">
      <class name="test.AddCustomerTest">
        <test-method status="PASS" signature="userShouldBeAbleToCreateNewCustomer()[pri:0, instance:test.AddCustomerTest@75d4a5c2]" name="userShouldBeAbleToCreateNewCustomer" duration-ms="20334" started-at="2021-01-29T14:44:07 EST" finished-at="2021-01-29T14:44:28 EST">
          <reporter-output>
          </reporter-output>
        </test-method> <!-- userShouldBeAbleToCreateNewCustomer -->
      </class> <!-- test.AddCustomerTest -->
    </test> <!-- Default test -->
  </suite> <!-- Default suite -->
</testng-results>
